# JRE version: Java(TM) SE Runtime Environment (8.0_151-b12) (build 1.8.0_151-b12)
# Java VM: Java HotSpot(TM) 64-Bit Server VM (25.151-b12 mixed mode linux-amd64 compressed oops)
Heap:
 def new generation   total 76800K, used 76797K [0x00000000f0600000, 0x00000000f5950000, 0x00000000f5950000)
  eden space 68288K,  99% used [0x00000000f0600000, 0x00000000f48afff8, 0x00000000f48b0000)
  from space 8512K,  99% used [0x00000000f48b0000, 0x00000000f50ff580, 0x00000000f5100000)
  to   space 8512K,   0% used [0x00000000f5100000, 0x00000000f5100000, 0x00000000f5950000)
 tenured generation   total 170688K, used 170687K [0x00000000f5950000, 0x0000000100000000, 0x0000000100000000)
   the space 170688K,  99% used [0x00000000f5950000, 0x00000000ffffffa0, 0x0000000100000000, 0x0000000100000000)
 Metaspace       used 38544K, capacity 39404K, committed 39552K, reserved 1081344K
  class space    used 6625K, capacity 6757K, committed 6784K, reserved 1048576K
GC Heap History (10 events):
Event: 210.698 GC heap before
{Heap before GC invocations=281 (full 247):
 def new generation   total 76800K, used 76799K [0x00000000f0600000, 0x00000000f5950000, 0x00000000f5950000)
  eden space 68288K,  99% used [0x00000000f0600000, 0x00000000f48afff8, 0x00000000f48b0000)
  from space 8512K, 100% used [0x00000000f48b0000, 0x00000000f5100000, 0x00000000f5100000)
  to   space 8512K,   0% used [0x00000000f5100000, 0x00000000f5100000, 0x00000000f5950000)
 tenured generation   total 170688K, used 170688K [0x00000000f5950000, 0x0000000100000000, 0x0000000100000000)
   the space 170688K, 100% used [0x00000000f5950000, 0x0000000100000000, 0x0000000100000000, 0x0000000100000000)
 Metaspace       used 38543K, capacity 39404K, committed 39552K, reserved 1081344K
  class space    used 6625K, capacity 6757K, committed 6784K, reserved 1048576K
Event: 211.706 GC heap after
Heap after GC invocations=282 (full 248):
 def new generation   total 76800K, used 76797K [0x00000000f0600000, 0x00000000f5950000, 0x00000000f5950000)
  eden space 68288K,  99% used [0x00000000f0600000, 0x00000000f48afff8, 0x00000000f48b0000)
  from space 8512K,  99% used [0x00000000f48b0000, 0x00000000f50ff4e8, 0x00000000f5100000)
  to   space 8512K,   0% used [0x00000000f5100000, 0x00000000f5100000, 0x00000000f5950000)
 tenured generation   total 170688K, used 170688K [0x00000000f5950000, 0x0000000100000000, 0x0000000100000000)
   the space 170688K, 100% used [0x00000000f5950000, 0x0000000100000000, 0x0000000100000000, 0x0000000100000000)
 Metaspace       used 38543K, capacity 39404K, committed 39552K, reserved 1081344K
  class space    used 6625K, capacity 6757K, committed 6784K, reserved 1048576K
}
Event: 211.706 GC heap before
{Heap before GC invocations=282 (full 248):
 def new generation   total 76800K, used 76799K [0x00000000f0600000, 0x00000000f5950000, 0x00000000f5950000)
  eden space 68288K,  99% used [0x00000000f0600000, 0x00000000f48afff8, 0x00000000f48b0000)
  from space 8512K, 100% used [0x00000000f48b0000, 0x00000000f5100000, 0x00000000f5100000)
  to   space 8512K,   0% used [0x00000000f5100000, 0x00000000f5100000, 0x00000000f5950000)
 tenured generation   total 170688K, used 170688K [0x00000000f5950000, 0x0000000100000000, 0x0000000100000000)
   the space 170688K, 100% used [0x00000000f5950000, 0x0000000100000000, 0x0000000100000000, 0x0000000100000000)
 Metaspace       used 38543K, capacity 39404K, committed 39552K, reserved 1081344K
  class space    used 6625K, capacity 6757K, committed 6784K, reserved 1048576K
Event: 213.019 GC heap after
Heap after GC invocations=283 (full 249):
 def new generation   total 76800K, used 76799K [0x00000000f0600000, 0x00000000f5950000, 0x00000000f5950000)
  eden space 68288K,  99% used [0x00000000f0600000, 0x00000000f48afff8, 0x00000000f48b0000)
  from space 8512K,  99% used [0x00000000f48b0000, 0x00000000f50ffcc8, 0x00000000f5100000)
  to   space 8512K,   0% used [0x00000000f5100000, 0x00000000f5100000, 0x00000000f5950000)
 tenured generation   total 170688K, used 170688K [0x00000000f5950000, 0x0000000100000000, 0x0000000100000000)
   the space 170688K, 100% used [0x00000000f5950000, 0x0000000100000000, 0x0000000100000000, 0x0000000100000000)
 Metaspace       used 38543K, capacity 39404K, committed 39552K, reserved 1081344K
  class space    used 6625K, capacity 6757K, committed 6784K, reserved 1048576K
}
Event: 213.019 GC heap before
{Heap before GC invocations=283 (full 249):
 def new generation   total 76800K, used 76799K [0x00000000f0600000, 0x00000000f5950000, 0x00000000f5950000)
  eden space 68288K,  99% used [0x00000000f0600000, 0x00000000f48afff8, 0x00000000f48b0000)
  from space 8512K,  99% used [0x00000000f48b0000, 0x00000000f50ffce8, 0x00000000f5100000)
  to   space 8512K,   0% used [0x00000000f5100000, 0x00000000f5100000, 0x00000000f5950000)
 tenured generation   total 170688K, used 170688K [0x00000000f5950000, 0x0000000100000000, 0x0000000100000000)
   the space 170688K, 100% used [0x00000000f5950000, 0x0000000100000000, 0x0000000100000000, 0x0000000100000000)
 Metaspace       used 38543K, capacity 39404K, committed 39552K, reserved 1081344K
  class space    used 6625K, capacity 6757K, committed 6784K, reserved 1048576K
Event: 214.949 GC heap after
Heap after GC invocations=284 (full 250):
 def new generation   total 76800K, used 76799K [0x00000000f0600000, 0x00000000f5950000, 0x00000000f5950000)
  eden space 68288K,  99% used [0x00000000f0600000, 0x00000000f48afff8, 0x00000000f48b0000)
  from space 8512K,  99% used [0x00000000f48b0000, 0x00000000f50ffce8, 0x00000000f5100000)
  to   space 8512K,   0% used [0x00000000f5100000, 0x00000000f5100000, 0x00000000f5950000)
 tenured generation   total 170688K, used 170688K [0x00000000f5950000, 0x0000000100000000, 0x0000000100000000)
   the space 170688K, 100% used [0x00000000f5950000, 0x0000000100000000, 0x0000000100000000, 0x0000000100000000)
 Metaspace       used 38543K, capacity 39404K, committed 39552K, reserved 1081344K
  class space    used 6625K, capacity 6757K, committed 6784K, reserved 1048576K
}
Event: 214.949 GC heap before
{Heap before GC invocations=284 (full 250):
 def new generation   total 76800K, used 76799K [0x00000000f0600000, 0x00000000f5950000, 0x00000000f5950000)
  eden space 68288K,  99% used [0x00000000f0600000, 0x00000000f48afff8, 0x00000000f48b0000)
  from space 8512K,  99% used [0x00000000f48b0000, 0x00000000f50ffce8, 0x00000000f5100000)
  to   space 8512K,   0% used [0x00000000f5100000, 0x00000000f5100000, 0x00000000f5950000)
 tenured generation   total 170688K, used 170688K [0x00000000f5950000, 0x0000000100000000, 0x0000000100000000)
   the space 170688K, 100% used [0x00000000f5950000, 0x0000000100000000, 0x0000000100000000, 0x0000000100000000)
 Metaspace       used 38543K, capacity 39404K, committed 39552K, reserved 1081344K
  class space    used 6625K, capacity 6757K, committed 6784K, reserved 1048576K
Event: 216.790 GC heap after
Heap after GC invocations=285 (full 251):
 def new generation   total 76800K, used 76799K [0x00000000f0600000, 0x00000000f5950000, 0x00000000f5950000)
  eden space 68288K,  99% used [0x00000000f0600000, 0x00000000f48afff8, 0x00000000f48b0000)
  from space 8512K,  99% used [0x00000000f48b0000, 0x00000000f50ffce8, 0x00000000f5100000)
  to   space 8512K,   0% used [0x00000000f5100000, 0x00000000f5100000, 0x00000000f5950000)
 tenured generation   total 170688K, used 170688K [0x00000000f5950000, 0x0000000100000000, 0x0000000100000000)
   the space 170688K, 100% used [0x00000000f5950000, 0x0000000100000000, 0x0000000100000000, 0x0000000100000000)
 Metaspace       used 38543K, capacity 39404K, committed 39552K, reserved 1081344K
  class space    used 6625K, capacity 6757K, committed 6784K, reserved 1048576K
}
Event: 216.790 GC heap before
{Heap before GC invocations=285 (full 251):
 def new generation   total 76800K, used 76799K [0x00000000f0600000, 0x00000000f5950000, 0x00000000f5950000)
  eden space 68288K,  99% used [0x00000000f0600000, 0x00000000f48afff8, 0x00000000f48b0000)
  from space 8512K,  99% used [0x00000000f48b0000, 0x00000000f50fffa8, 0x00000000f5100000)
  to   space 8512K,   0% used [0x00000000f5100000, 0x00000000f5100000, 0x00000000f5950000)
 tenured generation   total 170688K, used 170688K [0x00000000f5950000, 0x0000000100000000, 0x0000000100000000)
   the space 170688K, 100% used [0x00000000f5950000, 0x0000000100000000, 0x0000000100000000, 0x0000000100000000)
 Metaspace       used 38543K, capacity 39404K, committed 39552K, reserved 1081344K
  class space    used 6625K, capacity 6757K, committed 6784K, reserved 1048576K
Event: 218.281 GC heap after
Heap after GC invocations=286 (full 252):
 def new generation   total 76800K, used 76686K [0x00000000f0600000, 0x00000000f5950000, 0x00000000f5950000)
  eden space 68288K,  99% used [0x00000000f0600000, 0x00000000f48afff8, 0x00000000f48b0000)
  from space 8512K,  98% used [0x00000000f48b0000, 0x00000000f50e3810, 0x00000000f5100000)
  to   space 8512K,   0% used [0x00000000f5100000, 0x00000000f5100000, 0x00000000f5950000)
 tenured generation   total 170688K, used 170687K [0x00000000f5950000, 0x0000000100000000, 0x0000000100000000)
   the space 170688K,  99% used [0x00000000f5950000, 0x00000000ffffffa0, 0x0000000100000000, 0x0000000100000000)
 Metaspace       used 38543K, capacity 39404K, committed 39552K, reserved 1081344K
  class space    used 6625K, capacity 6757K, committed 6784K, reserved 1048576K
}

